make all --print-data-base --no-builtin-variables --no-builtin-rules --question
# GNU Make 4.4.1
# Built for x86_64-unknown-linux-gnu
# Copyright (C) 1988-2023 Free Software Foundation, Inc.
# License GPLv3+: GNU GPL version 3 or later <https://gnu.org/licenses/gpl.html>
# This is free software: you are free to change and redistribute it.
# There is NO WARRANTY, to the extent permitted by law.

# Make data base, printed on Wed May 21 23:01:34 2025

# Variables

# makefile (from 'Makefile', line 9)
OBJ = $(SRC:.c=.o)
# environment
GDK_BACKEND = x11
# environment
LC_ALL = C
# makefile (from 'Makefile', line 7)
SRC = main.c mini_functions.c lexer.c errors.c cleaning.c lexer2.c lexer3.c
# environment
SSH_AGENT_LAUNCHER = gnome-keyring
# environment
PULSE_SERVER = unix:/run/flatpak/pulse/native
# environment
GJS_DEBUG_OUTPUT = stderr
# environment
SBX_CHROME_API_RQ = 1
# environment
VSCODE_CRASH_REPORTER_PROCESS_TYPE = extensionHost
# environment
VSCODE_CWD = /home/nchagour
# environment
LIBVIRT_DEFAULT_URI = qemu:///system
# environment
GDM_LANG = en
# default
MAKE_COMMAND := make
# environment
QT_ACCESSIBILITY = 1
# automatic
@D = $(patsubst %/,%,$(dir $@))
# environment
VSCODE_HANDLES_UNCAUGHT_ERRORS = true
# default
.VARIABLES := 
# environment
PWD = /home/nchagour/Desktop/Cercle 3/MyMinishell
# environment
ZYPAK_ZYGOTE_STRATEGY_SPAWN = 1
# automatic
%D = $(patsubst %/,%,$(dir $%))
# environment
GI_TYPELIB_PATH = /app/lib/girepository-1.0
# environment
XDG_DATA_DIRS = /app/share:/usr/share:/usr/share/runtime/share:/run/host/user-share:/run/host/share
# automatic
^D = $(patsubst %/,%,$(dir $^))
# automatic
%F = $(notdir $%)
# environment
VSCODE_CODE_CACHE_PATH = /home/nchagour/.var/app/com.visualstudio.code/config/Code/CachedData/848b80aeb52026648a8ff9f7c45a9b0a80641e2e
# environment
XDG_SESSION_PATH = /org/freedesktop/DisplayManager/Session23
# makefile (from 'Makefile', line 4)
LIBFT = libft/libft.a
# environment
LANG = C
# environment
XAUTHORITY = /run/flatpak/Xauthority
# default
.LOADED := 
# default
.INCLUDE_DIRS := /usr/include
# environment
ALSA_CONFIG_DIR = /usr/share/alsa
# makefile
MAKEFLAGS = pqrR
# makefile
CURDIR := /home/nchagour/Desktop/Cercle 3/MyMinishell
# environment
APPLICATION_INSIGHTS_NO_DIAGNOSTIC_CHANNEL = true
# environment
VSCODE_L10N_BUNDLE_LOCATION = 
# automatic
*D = $(patsubst %/,%,$(dir $*))
# environment
ZYPAK_LIB = /app/bin/../lib
# environment
MFLAGS = -pqrR
# environment
SSH_AUTH_SOCK = /run/flatpak/ssh-auth
# default
.SHELLFLAGS := -c
# environment
XDG_CONFIG_DIRS = /app/etc/xdg:/etc/xdg
# automatic
+D = $(patsubst %/,%,$(dir $+))
# environment
ALSA_CONFIG_PATH = /usr/share/alsa/alsa-flatpak.conf
# environment
XDG_SESSION_DESKTOP = ubuntu
 
# makefile (from 'Makefile', line 1)
MAKEFILE_LIST := Makefile
# environment
FLATPAK_SANDBOX_DIR = /home/nchagour/.var/app/com.visualstudio.code/sandbox
# automatic
@F = $(notdir $@)
# environment
VSCODE_PID = 22
# environment
KRB5CCNAME = FILE:/tmp/krb5cc_101089_dBbMeh
# environment
XDG_SESSION_TYPE = x11
# automatic
?D = $(patsubst %/,%,$(dir $?))
# environment
PYTHONUSERBASE = /var/data/python
# environment
AT_SPI_BUS_ADDRESS = unix:path=/run/flatpak/at-spi-bus
# environment
XDG_DATA_HOME = /home/nchagour/.var/app/com.visualstudio.code/data
# environment
SESSION_MANAGER = local/c2r6p5.1337.ma:@/tmp/.ICE-unix/854790,unix/c2r6p5.1337.ma:/tmp/.ICE-unix/854790
# automatic
*F = $(notdir $*)
# environment
CHROME_DESKTOP = code.desktop
# environment
DBUS_SESSION_BUS_ADDRESS = unix:path=/run/flatpak/bus
# automatic
<D = $(patsubst %/,%,$(dir $<))
# environment
VSCODE_NLS_CONFIG = {"userLocale":"en-us","osLocale":"en","resolvedLanguage":"en","defaultMessagesFile":"/app/extra/vscode/resources/app/out/nls.messages.json","locale":"en-us","availableLanguages":{}}
# environment
__EGL_EXTERNAL_PLATFORM_CONFIG_DIRS = /etc/egl/egl_external_platform.d:/usr/lib/x86_64-linux-gnu/GL/egl/egl_external_platform.d:/usr/share/egl/egl_external_platform.d
# default
MAKE_HOST := x86_64-unknown-linux-gnu
# environment
GNOME_DESKTOP_SESSION_ID = this-is-deprecated
# makefile
SHELL = /bin/sh
# default
MAKECMDGOALS := all
# environment
XMODIFIERS = @im=ibus
# environment
LD_LIBRARY_PATH = /app/lib
# environment
GJS_DEBUG_TOPICS = JS ERROR;JS LOG
# environment
SANDBOX_LD_LIBRARY_PATH = /app/lib
# environment
SHLVL = 0
# environment
MAKELEVEL := 0
# default
MAKE = $(MAKE_COMMAND)
# environment
PATH = /app/bin:/app/bin:/app/bin:/usr/bin:/home/nchagour/.var/app/com.visualstudio.code/data/node_modules/bin
# environment
XCURSOR_PATH = /run/host/user-share/icons:/run/host/share/icons
# default
MAKEFILES := 
# environment
LANGUAGE = en
# automatic
^F = $(notdir $^)
# environment
DBUS_SYSTEM_BUS_ADDRESS = unix:path=/run/dbus/system_bus_socket
# environment
XDG_CONFIG_HOME = /home/nchagour/.var/app/com.visualstudio.code/config
# environment
INVOCATION_ID = e52eb7aa8f364b02aabfe6de30669ba7
# environment
DOCKER_HOST = unix:///run/user/101089/docker.sock
# automatic
?F = $(notdir $?)
# makefile (from 'Makefile', line 1)
NAME = minishell
# environment
GTK_IM_MODULE = ibus
# environment
XDG_CURRENT_DESKTOP = Unity
# automatic
+F = $(notdir $+)
# environment
XDG_SEAT_PATH = /org/freedesktop/DisplayManager/Seat0
# environment
DESKTOP_SESSION = ubuntu
# environment
GST_PLUGIN_SYSTEM_PATH = /app/lib/gstreamer-1.0:/usr/lib/extensions/gstreamer-1.0:/usr/lib/x86_64-linux-gnu/gstreamer-1.0
# environment
ORIGINAL_XDG_CURRENT_DESKTOP = ubuntu:GNOME
# 'override' directive
GNUMAKEFLAGS := 
# environment
LOGNAME = nchagour
# environment
container = flatpak
# environment
GIO_LAUNCHED_DESKTOP_FILE = /var/lib/flatpak/exports/share/applications/com.visualstudio.code.desktop
# makefile
.DEFAULT_GOAL := all
# environment
SYSTEMD_EXEC_PID = 854813
# environment
NPM_CONFIG_GLOBALCONFIG = /app/etc/npmrc
# environment
GTK_MODULES = gail:atk-bridge
# environment
USER = nchagour
# environment
DISPLAY = :99.0
# default
MAKE_VERSION := 4.4.1
# environment
MANAGERPID = 854188
# environment
GIO_LAUNCHED_DESKTOP_FILE_PID = 855472
# environment
_ = /usr/bin/make
# environment
XDG_RUNTIME_DIR = /run/user/101089
# makefile (from 'Makefile', line 5)
CFLAGS = -Wall -Wextra -Werror 
# environment
GPG_AGENT_INFO = /run/user/101089/gnupg/S.gpg-agent:0:1
# environment
PULSE_CLIENTCONFIG = /run/flatpak/pulse/config
# environment
JOURNAL_STREAM = 8:3979108
# environment
XDG_SESSION_CLASS = user
# environment
HOME = /home/nchagour
# environment
QT_IM_MODULE = ibus
# environment
ELECTRON_RUN_AS_NODE = 1
# environment
VSCODE_IPC_HOOK = /run/user/101089/vscode-527c89b3-1.10-main.sock
# environment
FT_HOOK_PATHNAME = login-user.d
# default
.RECIPEPREFIX := 
# automatic
<F = $(notdir $<)
# default
SUFFIXES := 
# environment
XDG_CACHE_HOME = /home/nchagour/.var/app/com.visualstudio.code/cache
# environment
VSCODE_CLI = 1
# environment
FT_HOOK_NAME = login-user
# environment
ELECTRON_NO_ATTACH_CONSOLE = 1
# environment
XDG_GREETER_DATA_DIR = /var/lib/lightdm-data/nchagour
# default
.FEATURES := target-specific order-only second-expansion else-if shortest-stem undefine oneshell nocomment grouped-target extra-prereqs notintermediate shell-export archives jobserver jobserver-fifo output-sync check-symlink load
# makefile (from 'Makefile', line 3)
 
CC = cc
# environment
FLATPAK_ID = com.visualstudio.code
# environment
XDG_MENU_PREFIX = gnome-
# environment
VSCODE_ESM_ENTRYPOINT = vs/workbench/api/node/extensionHostProcess
# environment
ZYPAK_BIN = /app/bin
# environment
GDMSESSION = ubuntu
# variable set hash-table stats:
# Load=131/1024=13%, Rehash=0, Collisions=21/164=13%

# Pattern-specific Variable Values

# No pattern-specific variable values.

# Directories

# . (device 2048, inode 6293353): 23 files, no impossibilities.

# 23 files, no impossibilities in 1 directories.

# Implicit Rules

%.o: %.c
#  recipe to execute (from 'Makefile', line 12):
	$(CC) $(CFLAGS) -c $< -o $@ 

# 1 implicit rules, 0 (0.0%) terminal.
# Files

# Not a target:
lexer2.c:
#  Implicit rule search has been done.
#  File is secondary (prerequisite of .SECONDARY).
#  Last modified 2025-05-21 20:16:58.635731578
#  File has been updated.
#  Successfully updated.

lexer2.o: lexer2.c
#  Implicit rule search has been done.
#  Implicit/static pattern stem: 'lexer2'
#  File is secondary (prerequisite of .SECONDARY).
#  Last modified 2025-05-21 22:07:29.648088045
#  File has been updated.
#  Successfully updated.
#  recipe to execute (from 'Makefile', line 12):
	$(CC) $(CFLAGS) -c $< -o $@ 

errors.o: errors.c
#  Implicit rule search has been done.
#  Implicit/static pattern stem: 'errors'
#  File is secondary (prerequisite of .SECONDARY).
#  Last modified 2025-05-21 22:07:29.610088084
#  File has been updated.
#  Successfully updated.
#  recipe to execute (from 'Makefile', line 12):
	$(CC) $(CFLAGS) -c $< -o $@ 

minishell: main.o mini_functions.o lexer.o errors.o cleaning.o lexer2.o lexer3.o libft/libft.a
#  Implicit rule search has not been done.
#  File is secondary (prerequisite of .SECONDARY).
#  Last modified 2025-05-21 22:07:30.219087453
#  File has been updated.
#  Successfully updated.
#  recipe to execute (from 'Makefile', line 17):
	$(CC) $(CFLAGS) $^ -o $@ -lreadline

# Not a target:
Makefile:
#  Implicit rule search has been done.
#  File is secondary (prerequisite of .SECONDARY).
#  Last modified 2025-05-18 21:01:42.546961606
#  File has been updated.
#  Successfully updated.

libft/libft.a:
#  Implicit rule search has not been done.
#  File is secondary (prerequisite of .SECONDARY).
#  Last modified 2025-05-21 22:07:30.208087464
#  File has been updated.
#  Successfully updated.
#  recipe to execute (from 'Makefile', line 20):
	make -C libft all

# Not a target:
lexer.c:
#  Implicit rule search has been done.
#  File is secondary (prerequisite of .SECONDARY).
#  Last modified 2025-05-18 14:44:15.187463584
#  File has been updated.
#  Successfully updated.

clean:
#  Phony target (prerequisite of .PHONY).
#  Implicit rule search has not been done.
#  File does not exist.
#  File has not been updated.
#  recipe to execute (from 'Makefile', line 23):
	make -C libft clean
	rm -f $(OBJ)

# Not a target:
lexer3.c:
#  Implicit rule search has been done.
#  File is secondary (prerequisite of .SECONDARY).
#  Last modified 2025-05-21 20:18:24.040569735
#  File has been updated.
#  Successfully updated.

cleaning.o: cleaning.c
#  Implicit rule search has been done.
#  Implicit/static pattern stem: 'cleaning'
#  File is secondary (prerequisite of .SECONDARY).
#  Last modified 2025-05-21 22:07:29.628088066
#  File has been updated.
#  Successfully updated.
#  recipe to execute (from 'Makefile', line 12):
	$(CC) $(CFLAGS) -c $< -o $@ 

lexer.o: lexer.c
#  Implicit rule search has been done.
#  Implicit/static pattern stem: 'lexer'
#  File is secondary (prerequisite of .SECONDARY).
#  Last modified 2025-05-21 22:07:29.593088102
#  File has been updated.
#  Successfully updated.
#  recipe to execute (from 'Makefile', line 12):
	$(CC) $(CFLAGS) -c $< -o $@ 

re: fclean all
#  Phony target (prerequisite of .PHONY).
#  Implicit rule search has not been done.
#  File does not exist.
#  File has not been updated.

# Not a target:
.DEFAULT:
#  Implicit rule search has not been done.
#  Modification time never checked.
#  File has not been updated.

all: minishell
#  Phony target (prerequisite of .PHONY).
#  Command line target.
#  Implicit rule search has not been done.
#  File does not exist.
#  File has been updated.
#  Successfully updated.
#  recipe to execute (from 'Makefile', line 15):
	

fclean: clean
#  Phony target (prerequisite of .PHONY).
#  Implicit rule search has not been done.
#  File does not exist.
#  File has not been updated.
#  recipe to execute (from 'Makefile', line 27):
	make -C libft fclean
	rm -f $(NAME)

# Not a target:
main.c:
#  Implicit rule search has been done.
#  File is secondary (prerequisite of .SECONDARY).
#  Last modified 2025-05-21 22:07:18.719099387
#  File has been updated.
#  Successfully updated.

main.o: main.c
#  Implicit rule search has been done.
#  Implicit/static pattern stem: 'main'
#  File is secondary (prerequisite of .SECONDARY).
#  Last modified 2025-05-21 22:07:29.551088145
#  File has been updated.
#  Successfully updated.
#  recipe to execute (from 'Makefile', line 12):
	$(CC) $(CFLAGS) -c $< -o $@ 

# Not a target:
errors.c:
#  Implicit rule search has been done.
#  File is secondary (prerequisite of .SECONDARY).
#  Last modified 2025-05-21 20:16:58.635731578
#  File has been updated.
#  Successfully updated.

# Not a target:
mini_functions.c:
#  Implicit rule search has been done.
#  File is secondary (prerequisite of .SECONDARY).
#  Last modified 2025-05-21 21:25:49.668596792
#  File has been updated.
#  Successfully updated.

mini_functions.o: mini_functions.c
#  Implicit rule search has been done.
#  Implicit/static pattern stem: 'mini_functions'
#  File is secondary (prerequisite of .SECONDARY).
#  Last modified 2025-05-21 22:07:29.570088126
#  File has been updated.
#  Successfully updated.
#  recipe to execute (from 'Makefile', line 12):
	$(CC) $(CFLAGS) -c $< -o $@ 

lexer3.o: lexer3.c
#  Implicit rule search has been done.
#  Implicit/static pattern stem: 'lexer3'
#  File is secondary (prerequisite of .SECONDARY).
#  Last modified 2025-05-21 22:07:29.667088025
#  File has been updated.
#  Successfully updated.
#  recipe to execute (from 'Makefile', line 12):
	$(CC) $(CFLAGS) -c $< -o $@ 

.PHONY: all clean fclean re
#  Implicit rule search has not been done.
#  Modification time never checked.
#  File has not been updated.

# Not a target:
cleaning.c:
#  Implicit rule search has been done.
#  File is secondary (prerequisite of .SECONDARY).
#  Last modified 2025-05-15 21:38:09.002842
#  File has been updated.
#  Successfully updated.

# files hash-table stats:
# Load=24/1024=2%, Rehash=0, Collisions=0/75=0%
# VPATH Search Paths

# No 'vpath' search paths.

# No general ('VPATH' variable) search path.
 

# strcache buffers: 1 (0) / strings = 41 / storage = 339 B / avg = 8 B
# current buf: size = 8162 B / used = 339 B / count = 41 / avg = 8 B

# strcache performance: lookups = 83 / hit rate = 50%
# hash-table stats:
# Load=41/8192=1%, Rehash=0, Collisions=1/83=1%
# Finished Make data base on Wed May 21 23:01:34 2025

 
